<?xml version="1.0" encoding="UTF-8"?>
<testng-results skipped="0" failed="0" ignored="0" total="1" passed="1">
  <reporter-output>
  </reporter-output>
  <suite name="Suite" duration-ms="17071" started-at="2020-04-30T13:23:58 IST" finished-at="2020-04-30T13:24:15 IST">
    <groups>
    </groups>
    <test name="TestChrome" duration-ms="17071" started-at="2020-04-30T13:23:58 IST" finished-at="2020-04-30T13:24:15 IST">
      <class name="TestSuite.UAT1">
        <test-method status="PASS" signature="preCondition(java.lang.String)[pri:0, instance:TestSuite.UAT1@5a8806ef]" name="preCondition" is-config="true" duration-ms="7906" started-at="2020-04-30T13:23:58 IST" finished-at="2020-04-30T13:24:06 IST">
          <params>
            <param index="0">
              <value>
                <![CDATA[Chrome]]>
              </value>
            </param>
          </params>
          <reporter-output>
          </reporter-output>
        </test-method> <!-- preCondition -->
        <test-method status="PASS" signature="testLogin()[pri:0, instance:TestSuite.UAT1@5a8806ef]" name="testLogin" duration-ms="8004" started-at="2020-04-30T13:24:06 IST" finished-at="2020-04-30T13:24:14 IST">
          <reporter-output>
          </reporter-output>
        </test-method> <!-- testLogin -->
        <test-method status="PASS" signature="closeBrowser()[pri:0, instance:TestSuite.UAT1@5a8806ef]" name="closeBrowser" is-config="true" duration-ms="681" started-at="2020-04-30T13:24:15 IST" finished-at="2020-04-30T13:24:15 IST">
          <reporter-output>
          </reporter-output>
        </test-method> <!-- closeBrowser -->
      </class> <!-- TestSuite.UAT1 -->
    </test> <!-- TestChrome -->
  </suite> <!-- Suite -->
</testng-results>
